<?xml version="1.0" encoding="UTF-8"?>
<!-- Generated by org.testng.reporters.JUnitReportReporter -->
<testsuite hostname="DESKTOP-UBK0CNB" failures="0" tests="2" name="Tests.LoginPageTest" time="13.830" errors="0" timestamp="27 May 2022 00:39:46 GMT" skipped="0">
  <testcase classname="Tests.LoginPageTest" name="VerifyHomePageTitleTest" time="6.521"/>
  <testcase classname="Tests.LoginPageTest" name="SignInButtonClickTest" time="7.309"/>
</testsuite> <!-- Tests.LoginPageTest -->
