<?xml version="1.0" encoding="UTF-8"?>
<!-- Generated by org.testng.reporters.JUnitReportReporter -->
<testsuite hostname="DESKTOP-UBK0CNB" failures="0" tests="2" name="Tests.LoginPageTest" time="14.497" errors="0" timestamp="27 May 2022 00:08:40 GMT" skipped="0">
  <testcase classname="Tests.LoginPageTest" name="VerifyHomePageTitleTest" time="6.330"/>
  <testcase classname="Tests.LoginPageTest" name="SignInButtonClickTest" time="8.167"/>
</testsuite> <!-- Tests.LoginPageTest -->
